<?xml version="1.0" encoding="UTF-8"?>
<testsuite xmlns:xsi="http://www.w3.org/2001/XMLSchema-instance" xsi:noNamespaceSchemaLocation="https://maven.apache.org/surefire/maven-surefire-plugin/xsd/surefire-test-report-3.0.xsd" version="3.0" name="ec.edu.espe.bquito.seguridadBquito.SeguridadBquitoApplicationTests" time="23.013" tests="1" errors="0" skipped="0" failures="0">
  <properties>
[...]
</properties>
  <testcase name="contextLoads" classname="ec.edu.espe.bquito.seguridadBquito.SeguridadBquitoApplicationTests" time="0.054">
    <system-out><![CDATA[2024-03-17T10:04:41.263-05:00  INFO   --- [           main] t.c.s.AnnotationConfigContextLoaderUtils : Could not detect default configuration classes for test class [ec.edu.espe.bquito.seguridadBquito.SeguridadBquitoApplicationTests]: SeguridadBquitoApplicationTests does not declare any static, non-private, non-final, nested classes annotated with @Configuration.
2024-03-17T10:04:41.604-05:00  INFO   --- [           main] .b.t.c.SpringBootTestContextBootstrapper : Found @SpringBootConfiguration ec.edu.espe.bquito.seguridadBquito.SeguridadBquitoApplication for test class ec.edu.espe.bquito.seguridadBquito.SeguridadBquitoApplicationTests
2024-03-17T10:04:41.966-05:00  INFO   --- [           main] o.s.b.d.r.RestartApplicationListener     : Restart disabled due to context in which it is running

  .   ____          _            __ _ _
 /\\ / ___'_ __ _ _(_)_ __  __ _ \ \ \ \
( ( )\___ | '_ | '_| | '_ \/ _` | \ \ \ \
 \\/  ___)| |_)| | | | | || (_| |  ) ) ) )
  '  |____| .__|_| |_|_| |_\__, | / / / /
 =========|_|==============|___/=/_/_/_/
 :: Spring Boot ::                (v3.2.3)

2024-03-17T10:04:43.133-05:00  INFO 21552 --- [           main] .e.e.b.s.SeguridadBquitoApplicationTests : Starting SeguridadBquitoApplicationTests using Java 21.0.1 with PID 21552 (started by Andres in C:\Arq_Software\Arquitectura2_0\TercerParcial\seguridadBanco)
2024-03-17T10:04:43.136-05:00  INFO 21552 --- [           main] .e.e.b.s.SeguridadBquitoApplicationTests : The following 1 profile is active: "local"
2024-03-17T10:04:46.504-05:00  INFO 21552 --- [           main] .s.d.r.c.RepositoryConfigurationDelegate : Bootstrapping Spring Data JPA repositories in DEFAULT mode.
2024-03-17T10:04:46.700-05:00  INFO 21552 --- [           main] .s.d.r.c.RepositoryConfigurationDelegate : Finished Spring Data repository scanning in 164 ms. Found 3 JPA repository interfaces.
2024-03-17T10:04:48.302-05:00  WARN 21552 --- [           main] trationDelegate$BeanPostProcessorChecker : Bean 'com.azure.spring.cloud.autoconfigure.implementation.jdbc.AzureJdbcAutoConfiguration' of type [com.azure.spring.cloud.autoconfigure.implementation.jdbc.AzureJdbcAutoConfiguration] is not eligible for getting processed by all BeanPostProcessors (for example: not eligible for auto-proxying). Is this bean getting eagerly injected into a currently created BeanPostProcessor []? Check the corresponding BeanPostProcessor declaration and its dependencies.
2024-03-17T10:04:48.312-05:00  WARN 21552 --- [           main] trationDelegate$BeanPostProcessorChecker : Bean 'springTokenCredentialProviderContextProvider' of type [com.azure.spring.cloud.autoconfigure.implementation.jdbc.SpringTokenCredentialProviderContextProvider] is not eligible for getting processed by all BeanPostProcessors (for example: not eligible for auto-proxying). Is this bean getting eagerly injected into a currently created BeanPostProcessor []? Check the corresponding BeanPostProcessor declaration and its dependencies.
2024-03-17T10:04:49.174-05:00  INFO 21552 --- [           main] com.zaxxer.hikari.HikariDataSource       : HikariPool-1 - Starting...
2024-03-17T10:04:52.223-05:00  INFO 21552 --- [           main] com.zaxxer.hikari.pool.HikariPool        : HikariPool-1 - Added connection com.mysql.cj.jdbc.ConnectionImpl@47800bd7
2024-03-17T10:04:52.233-05:00  INFO 21552 --- [           main] com.zaxxer.hikari.HikariDataSource       : HikariPool-1 - Start completed.
2024-03-17T10:04:52.365-05:00  INFO 21552 --- [           main] o.hibernate.jpa.internal.util.LogHelper  : HHH000204: Processing PersistenceUnitInfo [name: default]
2024-03-17T10:04:52.662-05:00  INFO 21552 --- [           main] org.hibernate.Version                    : HHH000412: Hibernate ORM core version 6.4.4.Final
2024-03-17T10:04:52.795-05:00  INFO 21552 --- [           main] o.h.c.internal.RegionFactoryInitiator    : HHH000026: Second-level cache disabled
2024-03-17T10:04:53.285-05:00  INFO 21552 --- [           main] o.s.o.j.p.SpringPersistenceUnitInfo      : No LoadTimeWeaver setup: ignoring JPA class transformer
2024-03-17T10:04:54.049-05:00  WARN 21552 --- [           main] org.hibernate.orm.deprecation            : HHH90000025: MySQLDialect does not need to be specified explicitly using 'hibernate.dialect' (remove the property setting and it will be selected by default)
2024-03-17T10:04:56.351-05:00  INFO 21552 --- [           main] o.h.e.t.j.p.i.JtaPlatformInitiator       : HHH000489: No JTA platform available (set 'hibernate.transaction.jta.platform' to enable JTA platform integration)
2024-03-17T10:04:56.360-05:00  INFO 21552 --- [           main] j.LocalContainerEntityManagerFactoryBean : Initialized JPA EntityManagerFactory for persistence unit 'default'
2024-03-17T10:04:58.891-05:00  WARN 21552 --- [           main] JpaBaseConfiguration$JpaWebConfiguration : spring.jpa.open-in-view is enabled by default. Therefore, database queries may be performed during view rendering. Explicitly configure spring.jpa.open-in-view to disable this warning
2024-03-17T10:05:00.978-05:00  INFO 21552 --- [           main] AbstractAzureServiceClientBuilderFactory : Will configure the default credential of type DefaultAzureCredential for class com.azure.identity.DefaultAzureCredentialBuilder.
2024-03-17T10:05:01.164-05:00  WARN 21552 --- [           main] c.a.c.http.netty.implementation.Utility  : The following Netty dependencies have versions that do not match the versions specified in the azure-core-http-netty pom.xml file. This may result in unexpected behavior. If your application runs without issue this message can be ignored, otherwise please update the Netty dependencies to match the versions specified in the pom.xml file. Versions found in runtime: 'io.netty:netty-common' version: 4.1.107.Final (expected: 4.1.101.Final),'io.netty:netty-handler' version: 4.1.107.Final (expected: 4.1.101.Final),'io.netty:netty-handler-proxy' version: 4.1.107.Final (expected: 4.1.101.Final),'io.netty:netty-buffer' version: 4.1.107.Final (expected: 4.1.101.Final),'io.netty:netty-codec' version: 4.1.107.Final (expected: 4.1.101.Final),'io.netty:netty-codec-http' version: 4.1.107.Final (expected: 4.1.101.Final),'io.netty:netty-codec-http2' version: 4.1.107.Final (expected: 4.1.101.Final),'io.netty:netty-transport-native-unix-common' version: 4.1.107.Final (expected: 4.1.101.Final),'io.netty:netty-transport-native-epoll' version: 4.1.107.Final (expected: 4.1.101.Final),'io.netty:netty-transport-native-kqueue' version: 4.1.107.Final (expected: 4.1.101.Final)
2024-03-17T10:05:03.411-05:00  INFO 21552 --- [           main] o.s.b.a.e.web.EndpointLinksResolver      : Exposing 6 endpoint(s) beneath base path '/actuator'
2024-03-17T10:05:03.691-05:00  INFO 21552 --- [           main] .e.e.b.s.SeguridadBquitoApplicationTests : Started SeguridadBquitoApplicationTests in 21.757 seconds (process running for 33.328)
]]></system-out>
  </testcase>
</testsuite>