<?xml version="1.0" encoding="UTF-8"?>
<testsuite xmlns:xsi="http://www.w3.org/2001/XMLSchema-instance" xsi:noNamespaceSchemaLocation="https://maven.apache.org/surefire/maven-surefire-plugin/xsd/surefire-test-report-3.0.xsd" version="3.0" name="com.banquito.core.banking.seguridadbanco.SeguridadbancoApplicationTests" time="9.656" tests="1" errors="0" skipped="0" failures="0">
  <properties>
[...]
</properties>
  <testcase name="contextLoads" classname="com.banquito.core.banking.seguridadbanco.SeguridadbancoApplicationTests" time="0.844">
    <system-out><![CDATA[Standard Commons Logging discovery in action with spring-jcl: please remove commons-logging.jar from classpath in order to avoid potential conflicts
00:50:31.522 [main] INFO org.springframework.test.context.support.AnnotationConfigContextLoaderUtils -- Could not detect default configuration classes for test class [com.banquito.core.banking.seguridadbanco.SeguridadbancoApplicationTests]: SeguridadbancoApplicationTests does not declare any static, non-private, non-final, nested classes annotated with @Configuration.
00:50:31.697 [main] INFO org.springframework.boot.test.context.SpringBootTestContextBootstrapper -- Found @SpringBootConfiguration com.banquito.core.banking.seguridadbanco.SeguridadbancoApplication for test class com.banquito.core.banking.seguridadbanco.SeguridadbancoApplicationTests

  .   ____          _            __ _ _
 /\\ / ___'_ __ _ _(_)_ __  __ _ \ \ \ \
( ( )\___ | '_ | '_| | '_ \/ _` | \ \ \ \
 \\/  ___)| |_)| | | | | || (_| |  ) ) ) )
  '  |____| .__|_| |_|_| |_\__, | / / / /
 =========|_|==============|___/=/_/_/_/
 :: Spring Boot ::                (v3.2.1)

2024-01-03T00:50:32.370-05:00  INFO 1576 --- [           main] c.b.c.b.s.SeguridadbancoApplicationTests : Starting SeguridadbancoApplicationTests using Java 21.0.1 with PID 1576 (started by bpbry in C:\Users\bpbry\OneDrive\Documents\Universidad de las Fuerzas Armadas\8 Semestre\Arquitectura de Software\Proyecto\Back\seguridadBanco)
2024-01-03T00:50:32.375-05:00  INFO 1576 --- [           main] c.b.c.b.s.SeguridadbancoApplicationTests : No active profile set, falling back to 1 default profile: "default"
2024-01-03T00:50:34.212-05:00  INFO 1576 --- [           main] .s.d.r.c.RepositoryConfigurationDelegate : Bootstrapping Spring Data JPA repositories in DEFAULT mode.
2024-01-03T00:50:34.274-05:00  INFO 1576 --- [           main] .s.d.r.c.RepositoryConfigurationDelegate : Finished Spring Data repository scanning in 53 ms. Found 3 JPA repository interfaces.
2024-01-03T00:50:34.773-05:00  INFO 1576 --- [           main] com.zaxxer.hikari.HikariDataSource       : HikariPool-1 - Starting...
2024-01-03T00:50:36.333-05:00  INFO 1576 --- [           main] com.zaxxer.hikari.pool.HikariPool        : HikariPool-1 - Added connection com.mysql.cj.jdbc.ConnectionImpl@74c9e11
2024-01-03T00:50:36.336-05:00  INFO 1576 --- [           main] com.zaxxer.hikari.HikariDataSource       : HikariPool-1 - Start completed.
2024-01-03T00:50:36.397-05:00  INFO 1576 --- [           main] o.hibernate.jpa.internal.util.LogHelper  : HHH000204: Processing PersistenceUnitInfo [name: default]
2024-01-03T00:50:36.503-05:00  INFO 1576 --- [           main] org.hibernate.Version                    : HHH000412: Hibernate ORM core version 6.4.1.Final
2024-01-03T00:50:36.542-05:00  INFO 1576 --- [           main] o.h.c.internal.RegionFactoryInitiator    : HHH000026: Second-level cache disabled
2024-01-03T00:50:36.866-05:00  INFO 1576 --- [           main] o.s.o.j.p.SpringPersistenceUnitInfo      : No LoadTimeWeaver setup: ignoring JPA class transformer
2024-01-03T00:50:37.311-05:00  WARN 1576 --- [           main] org.hibernate.orm.deprecation            : HHH90000025: MySQLDialect does not need to be specified explicitly using 'hibernate.dialect' (remove the property setting and it will be selected by default)
2024-01-03T00:50:37.697-05:00  WARN 1576 --- [           main] org.hibernate.mapping.RootClass          : HHH000038: Composite-id class does not override equals(): com.banquito.core.banking.seguridadbanco.domain.AccesoPbRolPK
2024-01-03T00:50:37.698-05:00  WARN 1576 --- [           main] org.hibernate.mapping.RootClass          : HHH000039: Composite-id class does not override hashCode(): com.banquito.core.banking.seguridadbanco.domain.AccesoPbRolPK
2024-01-03T00:50:38.603-05:00  INFO 1576 --- [           main] o.h.e.t.j.p.i.JtaPlatformInitiator       : HHH000489: No JTA platform available (set 'hibernate.transaction.jta.platform' to enable JTA platform integration)
2024-01-03T00:50:38.606-05:00  INFO 1576 --- [           main] j.LocalContainerEntityManagerFactoryBean : Initialized JPA EntityManagerFactory for persistence unit 'default'
2024-01-03T00:50:39.345-05:00  WARN 1576 --- [           main] JpaBaseConfiguration$JpaWebConfiguration : spring.jpa.open-in-view is enabled by default. Therefore, database queries may be performed during view rendering. Explicitly configure spring.jpa.open-in-view to disable this warning
2024-01-03T00:50:39.973-05:00  INFO 1576 --- [           main] c.b.c.b.s.SeguridadbancoApplicationTests : Started SeguridadbancoApplicationTests in 8.043 seconds (process running for 9.544)
]]></system-out>
    <system-err><![CDATA[WARNING: A Java agent has been loaded dynamically (C:\Users\bpbry\.m2\repository\net\bytebuddy\byte-buddy-agent\1.14.10\byte-buddy-agent-1.14.10.jar)
WARNING: If a serviceability tool is in use, please run with -XX:+EnableDynamicAgentLoading to hide this warning
WARNING: If a serviceability tool is not in use, please run with -Djdk.instrument.traceUsage for more information
WARNING: Dynamic loading of agents will be disallowed by default in a future release
]]></system-err>
  </testcase>
</testsuite>